{
  "stats": {
    "suites": 0,
    "tests": 1,
    "passes": 1,
    "pending": 0,
    "failures": 0,
    "start": "2023-07-23T12:39:01.462Z",
    "end": "2023-07-23T12:39:08.045Z",
    "duration": 6583,
    "testsRegistered": 1,
    "passPercent": 100,
    "pendingPercent": 0,
    "other": 0,
    "hasOther": false,
    "skipped": 0,
    "hasSkipped": false
  },
  "results": [
    {
      "uuid": "e2b60a45-56dd-4696-b99f-9c8b51c494ff",
      "title": "",
      "fullFile": "cypress\\e2e\\assertions.cy.ts",
      "file": "cypress\\e2e\\assertions.cy.ts",
      "beforeHooks": [],
      "afterHooks": [],
      "tests": [
        {
          "title": "Assertions",
          "fullTitle": "Assertions",
          "timedOut": null,
          "duration": 2674,
          "state": "passed",
          "speed": "fast",
          "pass": true,
          "fail": false,
          "pending": false,
          "context": "{\n  \"title\": \"cypress-mochawesome-reporter-videos-passed\",\n  \"value\": \"cypress\\\\e2e\\\\assertions.cy.ts\"\n}",
          "code": "cy.visit('https://example.cypress.io');\ncy.contains('get').click();\ncy.get('#query-btn')\n    .should('contain', 'Button')\n    .and('have.class', 'query-btn')\n    .and('be.visible')\n    .and('be.enabled');",
          "err": {},
          "uuid": "9359d476-0f23-4f99-9aae-7f45ab4c4982",
          "parentUUID": "e2b60a45-56dd-4696-b99f-9c8b51c494ff",
          "isHook": false,
          "skipped": false
        }
      ],
      "suites": [],
      "passes": [
        "9359d476-0f23-4f99-9aae-7f45ab4c4982"
      ],
      "failures": [],
      "pending": [],
      "skipped": [],
      "duration": 2674,
      "root": true,
      "rootEmpty": false,
      "_timeout": 2000
    }
  ],
  "meta": {
    "mocha": {
      "version": "7.0.1"
    },
    "mochawesome": {
      "options": {
        "quiet": false,
        "reportFilename": "mochawesome",
        "saveHtml": false,
        "saveJson": true,
        "consoleReporter": "spec",
        "useInlineDiffs": false,
        "code": true
      },
      "version": "7.1.3"
    },
    "marge": {
      "options": {
        "charts": true,
        "reportPageTitle": "custom-title",
        "embeddedScreenshots": true,
        "inlineAssets": true,
        "saveAllAttempts": false,
        "videoOnFailOnly": true,
        "overwrite": false,
        "html": false,
        "json": true,
        "reportDir": "cypress\\reports\\html\\.jsons"
      },
      "version": "6.2.0"
    }
  }
}